

> price@0.0.0 storybook /home/kali/web-sdk/apps/price
> PUBLIC_CHROMATIC=true storybook dev -p 6001 public

[1mstorybook v9.0.15[22m[0m
[0m
You are currently using Storybook [1m9.0.15[22m but you have packages which are incompatible with it:

- @storybook/addon-svelte-csf@5.0.5 which depends on ^0.1.13

Please consider updating your packages or contacting the maintainers for compatibility details.

For more on Storybook 9 compatibility, see the linked GitHub issue:
https://github.com/storybookjs/storybook/issues/30944
[34mAttention:[39m Storybook now collects completely anonymous telemetry regarding usage. This information is used to shape Storybook's roadmap and prioritize features.
You can learn more, including how to opt-out if you'd not like to participate in this anonymous program, by visiting the following URL:
[36mhttps://storybook.js.org/telemetry[39m

[32minfo[0m[35m[0m => Serving static files from [36m././static[39m at [36m/[39m
[0m[32minfo[0m[35m[0m => Starting manager..
[0mNo story files found for the specified pattern: [34msrc/**/*.mdx[39m
CSF Parsing error: Expected 'ObjectExpression' but found 'undefined' instead in 'Identifier'.
CSF Parsing error: Expected 'ObjectExpression' but found 'undefined' instead in 'Identifier'.
[32minfo[0m[35m[0m => Starting preview..
[0m[1m[31mThe following Vite config options will be overridden by SvelteKit:[22m[39m
  - base
[2m3:37:09 PM[22m [36m[1m[vite][22m[39m [90m[2m(client)[22m[39m Forced re-optimization of dependencies
[38;2;241;97;140m╭─────────────────────────────────────────╮[39m
[38;2;241;97;140m│[39m                                         [38;2;241;97;140m│[39m
[38;2;241;97;140m│[39m   [38;2;162;224;94mStorybook [1m9.0.15[22m for [1msveltekit[22m        [38;2;241;97;140m│[39m
[38;2;241;97;140m│[39m   started[39m                               [38;2;241;97;140m│[39m
[38;2;241;97;140m│[39m   [90m[4m11 s[24m for manager and [4m11 s[24m for         [38;2;241;97;140m│[39m
[38;2;241;97;140m│[39m   preview[39m                               [38;2;241;97;140m│[39m
[38;2;241;97;140m│[39m                                         [38;2;241;97;140m│[39m
[38;2;241;97;140m│[39m   Local:                                [38;2;241;97;140m│[39m
[38;2;241;97;140m│[39m   [36mhttp://localhost:6001/[39m                [38;2;241;97;140m│[39m
[38;2;241;97;140m│[39m   On your network:                      [38;2;241;97;140m│[39m
[38;2;241;97;140m│[39m   [36mhttp://10.0.2.15:6001/[39m                [38;2;241;97;140m│[39m
[38;2;241;97;140m│[39m                                         [38;2;241;97;140m│[39m
[38;2;241;97;140m│[39m   [38;2;243;173;56mA new version ([1m10.1.10[22m) is            [38;2;241;97;140m│[39m
[38;2;241;97;140m│[39m   available![39m                            [38;2;241;97;140m│[39m
[38;2;241;97;140m│[39m                                         [38;2;241;97;140m│[39m
[38;2;241;97;140m│[39m   [90mUpgrade now:[39m [38;2;162;224;94mnpx storybook@latest     [38;2;241;97;140m│[39m
[38;2;241;97;140m│[39m   upgrade[39m                               [38;2;241;97;140m│[39m
[38;2;241;97;140m│[39m                                         [38;2;241;97;140m│[39m
[38;2;241;97;140m│[39m   [90mRead full changelog:[39m                  [38;2;241;97;140m│[39m
[38;2;241;97;140m│[39m   [90m[4mhttps://github.com/storybookjs/stor[24m   [38;2;241;97;140m│[39m
[38;2;241;97;140m│[39m   [4mybook/blob/main/CHANGELOG.md[24m[39m          [38;2;241;97;140m│[39m
[38;2;241;97;140m│[39m                                         [38;2;241;97;140m│[39m
[38;2;241;97;140m╰─────────────────────────────────────────╯[39m
CSF Parsing error: Expected 'ObjectExpression' but found 'undefined' instead in 'Identifier'.
CSF Parsing error: Expected 'ObjectExpression' but found 'undefined' instead in 'Identifier'.
